*** Using Compiler 'V5.06 update 7 (build 960)', folder: 'E:\Keil_v5\ARM\ARMCC\Bin'
Build target 'Template'
compiling stm32f10x_dbgmcu.c...
compiling stm32f10x_bkp.c...
compiling delay.c...
compiling stm32f10x_crc.c...
compiling usart.c...
..\SYSTEM\usart\usart.c(372): error:  #260-D: explicit type is missing ("int" assumed)
  _sys_exit(int x)
..\SYSTEM\usart\usart.c: 0 warnings, 1 error
compiling main.c...
main.c(43): error:  #99: a declaration here must declare a parameter
  int main(void)
main.c(44): error:  #65: expected a ";"
  {
main.c(61): warning: At end of source:  #12-D: parsing restarts here after previous syntax error
main.c(61): error: At end of source:  #130: expected a "{"
main.c(61): error: At end of source:  #67: expected a "}"
main.c: 1 warning, 4 errors
compiling stm32f10x_cec.c...
compiling misc.c...
compiling core_cm3.c...
compiling stm32f10x_adc.c...
compiling stm32f10x_it.c...
compiling system_stm32f10x.c...
compiling stm32f10x_dma.c...
compiling stm32f10x_dac.c...
compiling stm32f10x_can.c...
compiling sys.c...
compiling stm32f10x_exti.c...
compiling stm32f10x_flash.c...
compiling stm32f10x_gpio.c...
compiling stm32f10x_fsmc.c...
compiling led.c...
..\HARDWARE\LED\led.c(3): error:  #99: a declaration here must declare a parameter
  void LED_Init(void)
..\HARDWARE\LED\led.c(4): error:  #65: expected a ";"
  {
..\HARDWARE\LED\led.c(26): warning: At end of source:  #12-D: parsing restarts here after previous syntax error
..\HARDWARE\LED\led.c(26): error: At end of source:  #130: expected a "{"
..\HARDWARE\LED\led.c(26): error: At end of source:  #67: expected a "}"
..\HARDWARE\LED\led.c: 1 warning, 4 errors
compiling stm32f10x_spi.c...
compiling stm32f10x_wwdg.c...
compiling stm32f10x_sdio.c...
compiling stm32f10x_usart.c...
compiling stm32f10x_rtc.c...
compiling stm32f10x_pwr.c...
compiling stm32f10x_iwdg.c...
compiling stm32f10x_i2c.c...
compiling stm32f10x_rcc.c...
compiling stm32f10x_tim.c...
"..\OBJ\Template.axf" - 9 Error(s), 2 Warning(s).
Target not created.
Build Time Elapsed:  00:00:02
